<?xml version="1.0" encoding="UTF-8" ?>
<testsuite failures="0" time="0.018" errors="1" skipped="0" tests="1" name="jpa.test.maillist.EmailBroadcastTest">
  <properties>
    <property name="java.runtime.name" value="Java(TM) SE Runtime Environment"/>
    <property name="sun.boot.library.path" value="D:\pkgs_as71\jdk1.7.0_75\jre\bin"/>
    <property name="java.vm.version" value="24.75-b04"/>
    <property name="java.vm.vendor" value="Oracle Corporation"/>
    <property name="java.vendor.url" value="http://java.oracle.com/"/>
    <property name="path.separator" value=";"/>
    <property name="guice.disable.misplaced.annotation.check" value="true"/>
    <property name="java.vm.name" value="Java HotSpot(TM) Client VM"/>
    <property name="file.encoding.pkg" value="sun.io"/>
    <property name="user.script" value=""/>
    <property name="user.country" value="US"/>
    <property name="sun.java.launcher" value="SUN_STANDARD"/>
    <property name="sun.os.patch.level" value="Service Pack 1"/>
    <property name="java.vm.specification.name" value="Java Virtual Machine Specification"/>
    <property name="user.dir" value="D:\pkgs_as71\workspace\MessageStore"/>
    <property name="java.runtime.version" value="1.7.0_75-b13"/>
    <property name="java.awt.graphicsenv" value="sun.awt.Win32GraphicsEnvironment"/>
    <property name="java.endorsed.dirs" value="D:\pkgs_as71\jdk1.7.0_75\jre\lib\endorsed"/>
    <property name="os.arch" value="x86"/>
    <property name="java.io.tmpdir" value="C:\Users\jwang\AppData\Local\Temp\"/>
    <property name="line.separator" value="
"/>
    <property name="java.vm.specification.vendor" value="Oracle Corporation"/>
    <property name="user.variant" value=""/>
    <property name="os.name" value="Windows 7"/>
    <property name="classworlds.conf" value="D:\pkgs_as71\workspace\.metadata\.plugins\org.eclipse.m2e.launching\launches\m2conf31963261812274580.tmp"/>
    <property name="sun.jnu.encoding" value="Cp1252"/>
    <property name="java.library.path" value="D:\pkgs_as71\jdk1.7.0_75\bin;C:\Windows\Sun\Java\bin;C:\Windows\system32;C:\Windows;C:/Program Files/Java/jdk1.7.0_79/bin/../jre/bin/server;C:/Program Files/Java/jdk1.7.0_79/bin/../jre/bin;C:/Program Files/Java/jdk1.7.0_79/bin/../jre/lib/amd64;C:\Program Files\Java\jdk1.7.0_79\bin;C:\Program Files (x86)\Intel\iCLS Client\;C:\Program Files\Intel\iCLS Client\;C:\Windows\system32;C:\Windows;C:\Windows\System32\Wbem;C:\Windows\System32\WindowsPowerShell\v1.0\;C:\Program Files (x86)\Common Files\Lenovo;C:\ProgramData\Lenovo\ReadyApps;C:\Program Files (x86)\Common Files\Acronis\SnapAPI\;C:\Program Files\Intel\Intel(R) Management Engine Components\DAL;C:\Program Files\Intel\Intel(R) Management Engine Components\IPT;C:\Program Files (x86)\Intel\Intel(R) Management Engine Components\DAL;C:\Program Files (x86)\Intel\Intel(R) Management Engine Components\IPT;C:\Program Files (x86)\MySQL\MySQL Utilities\;C:\Program Files (x86)\MySQL\MySQL Utilities\Doctrine extensions for PHP\;C:\Program Files (x86)\Common Files\Acronis\TibMounter64;D:\pkgs_as71\eclipse;;."/>
    <property name="java.specification.name" value="Java Platform API Specification"/>
    <property name="java.class.version" value="51.0"/>
    <property name="sun.management.compiler" value="HotSpot Client Compiler"/>
    <property name="os.version" value="6.1"/>
    <property name="user.home" value="C:\Users\jwang"/>
    <property name="user.timezone" value="America/New_York"/>
    <property name="java.awt.printerjob" value="sun.awt.windows.WPrinterJob"/>
    <property name="java.specification.version" value="1.7"/>
    <property name="file.encoding" value="Cp1252"/>
    <property name="user.name" value="jwang"/>
    <property name="java.class.path" value="/D:/pkgs_as71/eclipse/configuration/org.eclipse.osgi/bundles/535/1/.cp/jars/plexus-classworlds-2.4.jar"/>
    <property name="java.vm.specification.version" value="1.7"/>
    <property name="sun.arch.data.model" value="32"/>
    <property name="java.home" value="D:\pkgs_as71\jdk1.7.0_75\jre"/>
    <property name="sun.java.command" value="org.codehaus.plexus.classworlds.launcher.Launcher -B -s C:\Users\jwang\.m2\settings.xml test"/>
    <property name="java.specification.vendor" value="Oracle Corporation"/>
    <property name="user.language" value="en"/>
    <property name="awt.toolkit" value="sun.awt.windows.WToolkit"/>
    <property name="java.vm.info" value="mixed mode, sharing"/>
    <property name="java.version" value="1.7.0_75"/>
    <property name="java.ext.dirs" value="D:\pkgs_as71\jdk1.7.0_75\jre\lib\ext;C:\Windows\Sun\Java\lib\ext"/>
    <property name="sun.boot.class.path" value="D:\pkgs_as71\jdk1.7.0_75\jre\lib\resources.jar;D:\pkgs_as71\jdk1.7.0_75\jre\lib\rt.jar;D:\pkgs_as71\jdk1.7.0_75\jre\lib\sunrsasign.jar;D:\pkgs_as71\jdk1.7.0_75\jre\lib\jsse.jar;D:\pkgs_as71\jdk1.7.0_75\jre\lib\jce.jar;D:\pkgs_as71\jdk1.7.0_75\jre\lib\charsets.jar;D:\pkgs_as71\jdk1.7.0_75\jre\lib\jfr.jar;D:\pkgs_as71\jdk1.7.0_75\jre\classes"/>
    <property name="java.vendor" value="Oracle Corporation"/>
    <property name="maven.home" value="D:\pkgs_as71\workspace\MessageStore\EMBEDDED"/>
    <property name="file.separator" value="\"/>
    <property name="java.vendor.url.bug" value="http://bugreport.sun.com/bugreport/"/>
    <property name="maven.bootclasspath" value="/D:/pkgs_as71/eclipse/configuration/org.eclipse.osgi/bundles/535/1/.cp/jars/plexus-classworlds-2.4.jar"/>
    <property name="sun.cpu.endian" value="little"/>
    <property name="sun.io.unicode.encoding" value="UnicodeLittle"/>
    <property name="sun.desktop" value="windows"/>
    <property name="sun.cpu.isalist" value="pentium_pro+mmx pentium_pro pentium+mmx pentium i486 i386 i86"/>
  </properties>
  <testcase time="0.014" classname="jpa.test.maillist.EmailBroadcastTest" name="testEmailBroadcastService">
    <error message="An exception occurred while creating a query in EntityManager: 
Exception Description: Problem compiling [select t from BroadcastTracking t, BroadcastMessage bd  where bd=t.broadcastData and bd.rowId=:rowId ]. 
[66, 81] The state field path &apos;t.broadcastData&apos; cannot be resolved to a valid type." type="java.lang.IllegalArgumentException">java.lang.IllegalArgumentException: An exception occurred while creating a query in EntityManager: 
Exception Description: Problem compiling [select t from BroadcastTracking t, BroadcastMessage bd  where bd=t.broadcastData and bd.rowId=:rowId ]. 
[66, 81] The state field path &apos;t.broadcastData&apos; cannot be resolved to a valid type.
	at org.eclipse.persistence.internal.jpa.EntityManagerImpl.createQuery(EntityManagerImpl.java:1616)
	at sun.reflect.GeneratedMethodAccessor30.invoke(Unknown Source)
	at sun.reflect.DelegatingMethodAccessorImpl.invoke(DelegatingMethodAccessorImpl.java:43)
	at java.lang.reflect.Method.invoke(Method.java:606)
	at org.springframework.orm.jpa.SharedEntityManagerCreator$SharedEntityManagerInvocationHandler.invoke(SharedEntityManagerCreator.java:241)
	at com.sun.proxy.$Proxy17.createQuery(Unknown Source)
	at jpa.service.maillist.BroadcastTrackingService.getByBroadcastDataRowId(BroadcastTrackingService.java:70)
	at jpa.service.maillist.BroadcastTrackingService$$FastClassByCGLIB$$d2be46ca.invoke(&lt;generated&gt;)
	at org.springframework.cglib.proxy.MethodProxy.invoke(MethodProxy.java:204)
	at org.springframework.aop.framework.CglibAopProxy$CglibMethodInvocation.invokeJoinpoint(CglibAopProxy.java:698)
	at org.springframework.aop.framework.ReflectiveMethodInvocation.proceed(ReflectiveMethodInvocation.java:150)
	at org.springframework.transaction.interceptor.TransactionInterceptor$1.proceedWithInvocation(TransactionInterceptor.java:96)
	at org.springframework.transaction.interceptor.TransactionAspectSupport.invokeWithinTransaction(TransactionAspectSupport.java:260)
	at org.springframework.transaction.interceptor.TransactionInterceptor.invoke(TransactionInterceptor.java:94)
	at org.springframework.aop.framework.ReflectiveMethodInvocation.proceed(ReflectiveMethodInvocation.java:172)
	at org.springframework.aop.interceptor.ExposeInvocationInterceptor.invoke(ExposeInvocationInterceptor.java:91)
	at org.springframework.aop.framework.ReflectiveMethodInvocation.proceed(ReflectiveMethodInvocation.java:172)
	at org.springframework.aop.framework.CglibAopProxy$DynamicAdvisedInterceptor.intercept(CglibAopProxy.java:631)
	at jpa.service.maillist.BroadcastTrackingService$$EnhancerByCGLIB$$e8300e68.getByBroadcastDataRowId(&lt;generated&gt;)
	at jpa.test.maillist.EmailBroadcastTest.testEmailBroadcastService(EmailBroadcastTest.java:55)
	at sun.reflect.NativeMethodAccessorImpl.invoke0(Native Method)
	at sun.reflect.NativeMethodAccessorImpl.invoke(NativeMethodAccessorImpl.java:57)
	at sun.reflect.DelegatingMethodAccessorImpl.invoke(DelegatingMethodAccessorImpl.java:43)
	at java.lang.reflect.Method.invoke(Method.java:606)
	at org.junit.runners.model.FrameworkMethod$1.runReflectiveCall(FrameworkMethod.java:45)
	at org.junit.internal.runners.model.ReflectiveCallable.run(ReflectiveCallable.java:15)
	at org.junit.runners.model.FrameworkMethod.invokeExplosively(FrameworkMethod.java:42)
	at org.junit.internal.runners.statements.InvokeMethod.evaluate(InvokeMethod.java:20)
	at org.springframework.test.context.junit4.statements.RunBeforeTestMethodCallbacks.evaluate(RunBeforeTestMethodCallbacks.java:74)
	at org.springframework.test.context.junit4.statements.RunAfterTestMethodCallbacks.evaluate(RunAfterTestMethodCallbacks.java:83)
	at org.springframework.test.context.junit4.statements.SpringRepeat.evaluate(SpringRepeat.java:72)
	at org.springframework.test.context.junit4.SpringJUnit4ClassRunner.runChild(SpringJUnit4ClassRunner.java:231)
	at org.springframework.test.context.junit4.SpringJUnit4ClassRunner.runChild(SpringJUnit4ClassRunner.java:88)
	at org.junit.runners.ParentRunner$3.run(ParentRunner.java:231)
	at org.junit.runners.ParentRunner$1.schedule(ParentRunner.java:60)
	at org.junit.runners.ParentRunner.runChildren(ParentRunner.java:229)
	at org.junit.runners.ParentRunner.access$000(ParentRunner.java:50)
	at org.junit.runners.ParentRunner$2.evaluate(ParentRunner.java:222)
	at org.junit.internal.runners.statements.RunBefores.evaluate(RunBefores.java:28)
	at org.springframework.test.context.junit4.statements.RunBeforeTestClassCallbacks.evaluate(RunBeforeTestClassCallbacks.java:61)
	at org.springframework.test.context.junit4.statements.RunAfterTestClassCallbacks.evaluate(RunAfterTestClassCallbacks.java:71)
	at org.junit.runners.ParentRunner.run(ParentRunner.java:300)
	at org.springframework.test.context.junit4.SpringJUnit4ClassRunner.run(SpringJUnit4ClassRunner.java:174)
	at org.apache.maven.surefire.junit4.JUnit4TestSet.execute(JUnit4TestSet.java:53)
	at org.apache.maven.surefire.junit4.JUnit4Provider.executeTestSet(JUnit4Provider.java:123)
	at org.apache.maven.surefire.junit4.JUnit4Provider.invoke(JUnit4Provider.java:104)
	at sun.reflect.NativeMethodAccessorImpl.invoke0(Native Method)
	at sun.reflect.NativeMethodAccessorImpl.invoke(NativeMethodAccessorImpl.java:57)
	at sun.reflect.DelegatingMethodAccessorImpl.invoke(DelegatingMethodAccessorImpl.java:43)
	at java.lang.reflect.Method.invoke(Method.java:606)
	at org.apache.maven.surefire.util.ReflectionUtils.invokeMethodWithArray(ReflectionUtils.java:164)
	at org.apache.maven.surefire.booter.ProviderFactory$ProviderProxy.invoke(ProviderFactory.java:110)
	at org.apache.maven.surefire.booter.SurefireStarter.invokeProvider(SurefireStarter.java:175)
	at org.apache.maven.surefire.booter.SurefireStarter.runSuitesInProcessWhenForked(SurefireStarter.java:107)
	at org.apache.maven.surefire.booter.ForkedBooter.main(ForkedBooter.java:68)
Caused by: Exception [EclipseLink-0] (Eclipse Persistence Services - 2.6.0.v20150309-bf26070): org.eclipse.persistence.exceptions.JPQLException
Exception Description: Problem compiling [select t from BroadcastTracking t, BroadcastMessage bd  where bd=t.broadcastData and bd.rowId=:rowId ]. 
[66, 81] The state field path &apos;t.broadcastData&apos; cannot be resolved to a valid type.
	at org.eclipse.persistence.internal.jpa.jpql.HermesParser.buildException(HermesParser.java:155)
	at org.eclipse.persistence.internal.jpa.jpql.HermesParser.validate(HermesParser.java:347)
	at org.eclipse.persistence.internal.jpa.jpql.HermesParser.populateQueryImp(HermesParser.java:278)
	at org.eclipse.persistence.internal.jpa.jpql.HermesParser.buildQuery(HermesParser.java:163)
	at org.eclipse.persistence.internal.jpa.EJBQueryImpl.buildEJBQLDatabaseQuery(EJBQueryImpl.java:142)
	at org.eclipse.persistence.internal.jpa.EJBQueryImpl.buildEJBQLDatabaseQuery(EJBQueryImpl.java:116)
	at org.eclipse.persistence.internal.jpa.EJBQueryImpl.&lt;init&gt;(EJBQueryImpl.java:102)
	at org.eclipse.persistence.internal.jpa.EJBQueryImpl.&lt;init&gt;(EJBQueryImpl.java:86)
	at org.eclipse.persistence.internal.jpa.EntityManagerImpl.createQuery(EntityManagerImpl.java:1614)
	... 54 more
</error>
    <system-out>[2015-04-26 11:23:59,030] [DEBUG,org.springframework.orm.jpa.JpaTransactionManager:366] Creating new transaction with name [testEmailBroadcastService]: PROPAGATION_REQUIRED,ISOLATION_DEFAULT; &apos;&apos;
[2015-04-26 11:23:59,030] [DEBUG,org.springframework.orm.jpa.JpaTransactionManager:369] Opened new EntityManager [org.eclipse.persistence.internal.jpa.EntityManagerImpl@f3c140] for JPA transaction
[2015-04-26 11:23:59,034] [DEBUG,org.springframework.orm.jpa.JpaTransactionManager:401] Exposing JPA transaction as JDBC transaction [SimpleConnectionHandle: com.mysql.jdbc.JDBC4Connection@32dec9]
[2015-04-26 11:23:59,034] [INFO,org.springframework.test.context.transaction.TransactionalTestExecutionListener:279] Began transaction (1): transaction manager [org.springframework.orm.jpa.JpaTransactionManager@1f1f461]; rollback [true]
[2015-04-26 11:23:59,034] [DEBUG,org.springframework.orm.jpa.JpaTransactionManager:332] Found thread-bound EntityManager [org.eclipse.persistence.internal.jpa.EntityManagerImpl@f3c140] for JPA transaction
[2015-04-26 11:23:59,035] [DEBUG,org.springframework.orm.jpa.JpaTransactionManager:471] Participating in existing transaction
[2015-04-26 11:23:59,044] [DEBUG,org.springframework.orm.jpa.JpaTransactionManager:332] Found thread-bound EntityManager [org.eclipse.persistence.internal.jpa.EntityManagerImpl@f3c140] for JPA transaction
[2015-04-26 11:23:59,045] [DEBUG,org.springframework.orm.jpa.JpaTransactionManager:471] Participating in existing transaction
[2015-04-26 11:23:59,046] [DEBUG,org.springframework.orm.jpa.JpaTransactionManager:851] Participating transaction failed - marking existing transaction as rollback-only
[2015-04-26 11:23:59,046] [DEBUG,org.springframework.orm.jpa.JpaTransactionManager:559] Setting JPA transaction on EntityManager [org.eclipse.persistence.internal.jpa.EntityManagerImpl@f3c140] rollback-only
[2015-04-26 11:23:59,046] [DEBUG,org.springframework.orm.jpa.JpaTransactionManager:844] Initiating transaction rollback
[2015-04-26 11:23:59,046] [DEBUG,org.springframework.orm.jpa.JpaTransactionManager:534] Rolling back JPA transaction on EntityManager [org.eclipse.persistence.internal.jpa.EntityManagerImpl@f3c140]
[2015-04-26 11:23:59,047] [DEBUG,org.springframework.orm.jpa.JpaTransactionManager:594] Closing JPA EntityManager [org.eclipse.persistence.internal.jpa.EntityManagerImpl@f3c140] after transaction
[2015-04-26 11:23:59,047] [DEBUG,org.springframework.orm.jpa.EntityManagerFactoryUtils:338] Closing JPA EntityManager
[2015-04-26 11:23:59,047] [INFO,org.springframework.test.context.transaction.TransactionalTestExecutionListener:299] Rolled back transaction after test execution for test context [TestContext@10b433a testClass = EmailBroadcastTest, testInstance = jpa.test.maillist.EmailBroadcastTest@6a9fa1, testMethod = testEmailBroadcastService@EmailBroadcastTest, testException = java.lang.IllegalArgumentException: An exception occurred while creating a query in EntityManager: 
Exception Description: Problem compiling [select t from BroadcastTracking t, BroadcastMessage bd  where bd=t.broadcastData and bd.rowId=:rowId ]. 
[66, 81] The state field path &apos;t.broadcastData&apos; cannot be resolved to a valid type., mergedContextConfiguration = [MergedContextConfiguration@160e86 testClass = EmailBroadcastTest, locations = &apos;{classpath:/spring-jpa-config.xml}&apos;, classes = &apos;{}&apos;, contextInitializerClasses = &apos;[]&apos;, activeProfiles = &apos;{}&apos;, contextLoader = &apos;org.springframework.test.context.support.DelegatingSmartContextLoader&apos;, parent = [null]]]
</system-out>
  </testcase>
</testsuite>